This is pdfTeX, Version 3.1415926-2.3-1.40.12 (TeX Live 2011) (format=pdflatex 2011.7.3)  5 MAY 2013 19:52
entering extended mode
 \write18 enabled.
 file:line:error style messages enabled.
 %&-line parsing enabled.
**paper.tex
(./paper.tex
LaTeX2e <2009/09/24>
Babel <v3.8l> and hyphenation patterns for english, dumylang, nohyphenation, ge
rman-x-2009-06-19, ngerman-x-2009-06-19, afrikaans, ancientgreek, ibycus, arabi
c, armenian, basque, bulgarian, catalan, pinyin, coptic, croatian, czech, danis
h, dutch, ukenglish, usenglishmax, esperanto, estonian, ethiopic, farsi, finnis
h, french, galician, german, ngerman, swissgerman, monogreek, greek, hungarian,
 icelandic, assamese, bengali, gujarati, hindi, kannada, malayalam, marathi, or
iya, panjabi, tamil, telugu, indonesian, interlingua, irish, italian, kurmanji,
 lao, latin, latvian, lithuanian, mongolian, mongolianlmc, bokmal, nynorsk, pol
ish, portuguese, romanian, russian, sanskrit, serbian, serbianc, slovak, sloven
ian, spanish, swedish, turkish, turkmen, ukrainian, uppersorbian, welsh, loaded
.
(/usr/local/texlive/2011/texmf-dist/tex/latex/base/article.cls
Document Class: article 2007/10/19 v1.4h Standard LaTeX document class
(/usr/local/texlive/2011/texmf-dist/tex/latex/base/size10.clo
File: size10.clo 2007/10/19 v1.4h Standard LaTeX file (size option)
)
\c@part=\count79
\c@section=\count80
\c@subsection=\count81
\c@subsubsection=\count82
\c@paragraph=\count83
\c@subparagraph=\count84
\c@figure=\count85
\c@table=\count86
\abovecaptionskip=\skip41
\belowcaptionskip=\skip42
\bibindent=\dimen102
)
(/usr/local/texlive/2011/texmf-dist/tex/generic/babel/babel.sty
Package: babel 2008/07/06 v3.8l The Babel package

(/usr/local/texlive/2011/texmf-dist/tex/generic/babel/english.ldf
Language: english 2005/03/30 v3.3o English support from the babel system

(/usr/local/texlive/2011/texmf-dist/tex/generic/babel/babel.def
File: babel.def 2008/07/06 v3.8l Babel common definitions
\babel@savecnt=\count87
\U@D=\dimen103
)
\l@canadian = a dialect from \language\l@american 
\l@australian = a dialect from \language\l@british 
\l@newzealand = a dialect from \language\l@british 
))
(/usr/local/texlive/2011/texmf-dist/tex/latex/graphics/graphicx.sty
Package: graphicx 1999/02/16 v1.0f Enhanced LaTeX Graphics (DPC,SPQR)

(/usr/local/texlive/2011/texmf-dist/tex/latex/graphics/keyval.sty
Package: keyval 1999/03/16 v1.13 key=value parser (DPC)
\KV@toks@=\toks14
)
(/usr/local/texlive/2011/texmf-dist/tex/latex/graphics/graphics.sty
Package: graphics 2009/02/05 v1.0o Standard LaTeX Graphics (DPC,SPQR)

(/usr/local/texlive/2011/texmf-dist/tex/latex/graphics/trig.sty
Package: trig 1999/03/16 v1.09 sin cos tan (DPC)
)
(/usr/local/texlive/2011/texmf-dist/tex/latex/latexconfig/graphics.cfg
File: graphics.cfg 2010/04/23 v1.9 graphics configuration of TeX Live
)
Package graphics Info: Driver file: pdftex.def on input line 91.

(/usr/local/texlive/2011/texmf-dist/tex/latex/pdftex-def/pdftex.def
File: pdftex.def 2011/05/27 v0.06d Graphics/color for pdfTeX

(/usr/local/texlive/2011/texmf-dist/tex/generic/oberdiek/infwarerr.sty
Package: infwarerr 2010/04/08 v1.3 Providing info/warning/message (HO)
)
(/usr/local/texlive/2011/texmf-dist/tex/generic/oberdiek/ltxcmds.sty
Package: ltxcmds 2011/04/18 v1.20 LaTeX kernel commands for general use (HO)
)
\Gread@gobject=\count88
))
\Gin@req@height=\dimen104
\Gin@req@width=\dimen105
)
(/usr/local/texlive/2011/texmf-dist/tex/latex/lipsum/lipsum.sty
Package: lipsum 2011/04/14 v1.2 150 paragraphs of Lorem Ipsum dummy text
\c@lips@count=\count89
)
(/usr/local/texlive/2011/texmf-dist/tex/latex/psnfss/mathpazo.sty
Package: mathpazo 2005/04/12 PSNFSS-v9.2a Palatino w/ Pazo Math (D.Puga, WaS) 
\symupright=\mathgroup4
)
(/usr/local/texlive/2011/texmf-dist/tex/latex/base/fontenc.sty
Package: fontenc 2005/09/27 v1.99g Standard LaTeX package

(/usr/local/texlive/2011/texmf-dist/tex/latex/base/t1enc.def
File: t1enc.def 2005/09/27 v1.99g Standard LaTeX file
LaTeX Font Info:    Redeclaring font encoding T1 on input line 43.
))
(/usr/local/texlive/2011/texmf-dist/tex/latex/microtype/microtype.sty
Package: microtype 2010/01/10 v2.4 Micro-typography with pdfTeX (RS)
\MT@toks=\toks15
\MT@count=\count90
LaTeX Info: Redefining \lsstyle on input line 1597.
LaTeX Info: Redefining \lslig on input line 1597.
\MT@outer@space=\skip43
LaTeX Info: Redefining \textls on input line 1605.
\MT@outer@kern=\dimen106
LaTeX Info: Redefining \textmicrotypecontext on input line 2156.
Package microtype Info: Loading configuration file microtype.cfg.

(/usr/local/texlive/2011/texmf-dist/tex/latex/microtype/microtype.cfg
File: microtype.cfg 2010/01/10 v2.4 microtype main configuration file (RS)
))
(/usr/local/texlive/2011/texmf-dist/tex/latex/url/url.sty
\Urlmuskip=\muskip10
Package: url 2006/04/12  ver 3.3  Verb mode for urls, etc.
)
(/usr/local/texlive/2011/texmf-dist/tex/latex/geometry/geometry.sty
Package: geometry 2010/09/12 v5.6 Page Geometry

(/usr/local/texlive/2011/texmf-dist/tex/generic/oberdiek/ifpdf.sty
Package: ifpdf 2011/01/30 v2.3 Provides the ifpdf switch (HO)
Package ifpdf Info: pdfTeX in PDF mode is detected.
)
(/usr/local/texlive/2011/texmf-dist/tex/generic/oberdiek/ifvtex.sty
Package: ifvtex 2010/03/01 v1.5 Switches for detecting VTeX and its modes (HO)
Package ifvtex Info: VTeX not detected.
)
(/usr/local/texlive/2011/texmf-dist/tex/generic/ifxetex/ifxetex.sty
Package: ifxetex 2010/09/12 v0.6 Provides ifxetex conditional
)
\Gm@cnth=\count91
\Gm@cntv=\count92
\c@Gm@tempcnt=\count93
\Gm@bindingoffset=\dimen107
\Gm@wd@mp=\dimen108
\Gm@odd@mp=\dimen109
\Gm@even@mp=\dimen110
\Gm@layoutwidth=\dimen111
\Gm@layoutheight=\dimen112
\Gm@layouthoffset=\dimen113
\Gm@layoutvoffset=\dimen114
\Gm@dimlist=\toks16
)
(/usr/local/texlive/2011/texmf-dist/tex/latex/tools/multicol.sty
Package: multicol 2008/12/05 v1.6h multicolumn formatting (FMi)
\c@tracingmulticols=\count94
\mult@box=\box26
\multicol@leftmargin=\dimen115
\c@unbalance=\count95
\c@collectmore=\count96
\doublecol@number=\count97
\multicoltolerance=\count98
\multicolpretolerance=\count99
\full@width=\dimen116
\page@free=\dimen117
\premulticols=\dimen118
\postmulticols=\dimen119
\multicolsep=\skip44
\multicolbaselineskip=\skip45
\partial@page=\box27
\last@line=\box28
\mult@rightbox=\box29
\mult@grightbox=\box30
\mult@gfirstbox=\box31
\mult@firstbox=\box32
\@tempa=\box33
\@tempa=\box34
\@tempa=\box35
\@tempa=\box36
\@tempa=\box37
\@tempa=\box38
\@tempa=\box39
\@tempa=\box40
\@tempa=\box41
\@tempa=\box42
\@tempa=\box43
\@tempa=\box44
\@tempa=\box45
\@tempa=\box46
\@tempa=\box47
\@tempa=\box48
\@tempa=\box49
\c@columnbadness=\count100
\c@finalcolumnbadness=\count101
\last@try=\dimen120
\multicolovershoot=\dimen121
\multicolundershoot=\dimen122
\mult@nat@firstbox=\box50
\colbreak@box=\box51
)
(/usr/local/texlive/2011/texmf-dist/tex/latex/hyperref/hyperref.sty
Package: hyperref 2011/04/17 v6.82g Hypertext links for LaTeX

(/usr/local/texlive/2011/texmf-dist/tex/generic/oberdiek/hobsub-hyperref.sty
Package: hobsub-hyperref 2011/04/23 v1.4 Bundle oberdiek, subset hyperref (HO)

(/usr/local/texlive/2011/texmf-dist/tex/generic/oberdiek/hobsub-generic.sty
Package: hobsub-generic 2011/04/23 v1.4 Bundle oberdiek, subset generic (HO)
Package: hobsub 2011/04/23 v1.4 Subsetting bundle oberdiek (HO)
Package hobsub Info: Skipping package `infwarerr' (already loaded).
Package hobsub Info: Skipping package `ltxcmds' (already loaded).
Package: ifluatex 2010/03/01 v1.3 Provides the ifluatex switch (HO)
Package ifluatex Info: LuaTeX not detected.
Package hobsub Info: Skipping package `ifvtex' (already loaded).
Package: intcalc 2007/09/27 v1.1 Expandable integer calculations (HO)
Package hobsub Info: Skipping package `ifpdf' (already loaded).
Package: etexcmds 2011/02/16 v1.5 Prefix for e-TeX command names (HO)
Package etexcmds Info: Could not find \expanded.
(etexcmds)             That can mean that you are not using pdfTeX 1.50 or
(etexcmds)             that some package has redefined \expanded.
(etexcmds)             In the latter case, load this package earlier.
Package: kvsetkeys 2011/04/07 v1.13 Key value parser (HO)
Package: kvdefinekeys 2011/04/07 v1.3 Defining keys (HO)
Package: pdftexcmds 2011/04/22 v0.16 Utilities of pdfTeX for LuaTeX (HO)
Package pdftexcmds Info: LuaTeX not detected.
Package pdftexcmds Info: \pdf@primitive is available.
Package pdftexcmds Info: \pdf@ifprimitive is available.
Package pdftexcmds Info: \pdfdraftmode found.
Package: pdfescape 2011/04/04 v1.12 Provides string conversions (HO)
Package: bigintcalc 2011/01/30 v1.2 Expandable big integer calculations (HO)
Package: bitset 2011/01/30 v1.1 Data type bit set (HO)
Package: uniquecounter 2011/01/30 v1.2 Provides unlimited unique counter (HO)
)
Package hobsub Info: Skipping package `hobsub' (already loaded).
Package: letltxmacro 2010/09/02 v1.4 Let assignment for LaTeX macros (HO)
Package: hopatch 2011/01/30 v1.0 Wrapper for package hooks (HO)
Package: xcolor-patch 2011/01/30 xcolor patch
Package: atveryend 2011/04/23 v1.7 Hooks at very end of document (HO)
Package atveryend Info: \enddocument detected (standard).
Package: atbegshi 2011/01/30 v1.15 At begin shipout hook (HO)
Package: refcount 2010/12/01 v3.2 Data extraction from references (HO)
Package: hycolor 2011/01/30 v1.7 Color options of hyperref/bookmark (HO)
)
(/usr/local/texlive/2011/texmf-dist/tex/latex/oberdiek/kvoptions.sty
Package: kvoptions 2010/12/23 v3.10 Keyval support for LaTeX options (HO)
)
\@linkdim=\dimen123
\Hy@linkcounter=\count102
\Hy@pagecounter=\count103

(/usr/local/texlive/2011/texmf-dist/tex/latex/hyperref/pd1enc.def
File: pd1enc.def 2011/04/17 v6.82g Hyperref: PDFDocEncoding definition (HO)
)
\Hy@SavedSpaceFactor=\count104

(/usr/local/texlive/2011/texmf-dist/tex/latex/latexconfig/hyperref.cfg
File: hyperref.cfg 2002/06/06 v1.2 hyperref configuration of TeXLive
)
Package hyperref Info: Hyper figures OFF on input line 4026.
Package hyperref Info: Link nesting OFF on input line 4031.
Package hyperref Info: Hyper index ON on input line 4034.
Package hyperref Info: Plain pages OFF on input line 4041.
Package hyperref Info: Backreferencing OFF on input line 4046.
Package hyperref Info: Implicit mode ON; LaTeX internals redefined.
Package hyperref Info: Bookmarks ON on input line 4264.
\c@Hy@tempcnt=\count105
LaTeX Info: Redefining \url on input line 4617.
\Fld@menulength=\count106
\Field@Width=\dimen124
\Fld@charsize=\dimen125
Package hyperref Info: Hyper figures OFF on input line 5701.
Package hyperref Info: Link nesting OFF on input line 5706.
Package hyperref Info: Hyper index ON on input line 5709.
Package hyperref Info: backreferencing OFF on input line 5716.
Package hyperref Info: Link coloring OFF on input line 5721.
Package hyperref Info: Link coloring with OCG OFF on input line 5726.
Package hyperref Info: PDF/A mode OFF on input line 5731.
LaTeX Info: Redefining \ref on input line 5771.
LaTeX Info: Redefining \pageref on input line 5775.
\Hy@abspage=\count107
\c@Item=\count108
\c@Hfootnote=\count109
)

Package hyperref Message: Driver (autodetected): hpdftex.

(/usr/local/texlive/2011/texmf-dist/tex/latex/hyperref/hpdftex.def
File: hpdftex.def 2011/04/17 v6.82g Hyperref driver for pdfTeX
\Fld@listcount=\count110
\c@bookmark@seq@number=\count111

(/usr/local/texlive/2011/texmf-dist/tex/latex/oberdiek/rerunfilecheck.sty
Package: rerunfilecheck 2011/04/15 v1.7 Rerun checks for auxiliary files (HO)
Package uniquecounter Info: New unique counter `rerunfilecheck' on input line 2
82.
)
\Hy@SectionHShift=\skip46
)
(/usr/local/texlive/2011/texmf-dist/tex/latex/caption/caption.sty
Package: caption 2010/01/09 v3.1m Customizing captions (AR)

(/usr/local/texlive/2011/texmf-dist/tex/latex/caption/caption3.sty
Package: caption3 2010/01/14 v3.1m caption3 kernel (AR)
\captionmargin=\dimen126
\captionmargin@=\dimen127
\captionwidth=\dimen128
\caption@indent=\dimen129
\caption@parindent=\dimen130
\caption@hangindent=\dimen131
)
\c@ContinuedFloat=\count112
Package caption Info: hyperref package is loaded.
)
(/usr/local/texlive/2011/texmf-dist/tex/latex/booktabs/booktabs.sty
Package: booktabs 2005/04/14 v1.61803 publication quality tables
\heavyrulewidth=\dimen132
\lightrulewidth=\dimen133
\cmidrulewidth=\dimen134
\belowrulesep=\dimen135
\belowbottomsep=\dimen136
\aboverulesep=\dimen137
\abovetopsep=\dimen138
\cmidrulesep=\dimen139
\cmidrulekern=\dimen140
\defaultaddspace=\dimen141
\@cmidla=\count113
\@cmidlb=\count114
\@aboverulesep=\dimen142
\@belowrulesep=\dimen143
\@thisruleclass=\count115
\@lastruleclass=\count116
\@thisrulewidth=\dimen144
)
(/usr/local/texlive/2011/texmf-dist/tex/latex/float/float.sty
Package: float 2001/11/08 v1.3d Float enhancements (AL)
\c@float@type=\count117
\float@exts=\toks17
\float@box=\box52
\@float@everytoks=\toks18
\@floatcapt=\box53
)
(/usr/local/texlive/2011/texmf-dist/tex/latex/lettrine/lettrine.sty
File: lettrine.sty 2007/08/08 v1.62 (Daniel Flipo)
\c@DefaultLines=\count118
\DefaultFindent=\dimen145
\DefaultNindent=\dimen146
\DefaultSlope=\dimen147
\L@lbox=\box54
\L@tbox=\box55
\c@L@lines=\count119
\L@Pindent=\dimen148
\L@Findent=\dimen149
\L@Nindent=\dimen150
\L@lraise=\dimen151
\L@first=\dimen152
\L@next=\dimen153
\L@slope=\dimen154
\L@height=\dimen155
\LettrineWidth=\dimen156

Loading lettrine.cfg
(/usr/local/texlive/2011/texmf-dist/tex/latex/lettrine/lettrine.cfg))
(/usr/local/texlive/2011/texmf-dist/tex/latex/paralist/paralist.sty
Package: paralist 2002/03/18 v2.3b Extended list environments (BS)
\pltopsep=\skip47
\plpartopsep=\skip48
\plitemsep=\skip49
\plparsep=\skip50
\pl@lab=\toks19
)
(/usr/local/texlive/2011/texmf-dist/tex/latex/abstract/abstract.sty
Package: abstract 2009/06/08 v1.2a configurable abstracts
\abstitleskip=\skip51
\absleftindent=\skip52
\absrightindent=\skip53
\absparindent=\skip54
\absparsep=\skip55
)
(/usr/local/texlive/2011/texmf-dist/tex/latex/titlesec/titlesec.sty
Package: titlesec 2007/08/12 v2.8 Sectioning titles
\ttl@box=\box56
\beforetitleunit=\skip56
\aftertitleunit=\skip57
\ttl@plus=\dimen157
\ttl@minus=\dimen158
\ttl@toksa=\toks20
\titlewidth=\dimen159
\titlewidthlast=\dimen160
\titlewidthfirst=\dimen161
)
(/usr/local/texlive/2011/texmf-dist/tex/latex/titlesec/block.tss
File: block.tss 2007/08/12
) (./paper.aux)
\openout1 = `paper.aux'.

LaTeX Font Info:    Checking defaults for OML/cmm/m/it on input line 85.
LaTeX Font Info:    ... okay on input line 85.
LaTeX Font Info:    Checking defaults for T1/cmr/m/n on input line 85.
LaTeX Font Info:    ... okay on input line 85.
LaTeX Font Info:    Checking defaults for OT1/cmr/m/n on input line 85.
LaTeX Font Info:    ... okay on input line 85.
LaTeX Font Info:    Checking defaults for OMS/cmsy/m/n on input line 85.
LaTeX Font Info:    ... okay on input line 85.
LaTeX Font Info:    Checking defaults for OMX/cmex/m/n on input line 85.
LaTeX Font Info:    ... okay on input line 85.
LaTeX Font Info:    Checking defaults for U/cmr/m/n on input line 85.
LaTeX Font Info:    ... okay on input line 85.
LaTeX Font Info:    Checking defaults for PD1/pdf/m/n on input line 85.
LaTeX Font Info:    ... okay on input line 85.
LaTeX Font Info:    Try loading font information for T1+pplx on input line 85.
(/usr/local/texlive/2011/texmf-dist/tex/latex/psnfss/t1pplx.fd
File: t1pplx.fd 2004/09/06 font definitions for T1/pplx.
)
(/usr/local/texlive/2011/texmf-dist/tex/context/base/supp-pdf.mkii
[Loading MPS to PDF converter (version 2006.09.02).]
\scratchcounter=\count120
\scratchdimen=\dimen162
\scratchbox=\box57
\nofMPsegments=\count121
\nofMParguments=\count122
\everyMPshowfont=\toks21
\MPscratchCnt=\count123
\MPscratchDim=\dimen163
\MPnumerator=\count124
\makeMPintoPDFobject=\count125
\everyMPtoPDFconversion=\toks22
) (/usr/local/texlive/2011/texmf-dist/tex/latex/oberdiek/epstopdf-base.sty
Package: epstopdf-base 2010/02/09 v2.5 Base part for package epstopdf

(/usr/local/texlive/2011/texmf-dist/tex/latex/oberdiek/grfext.sty
Package: grfext 2010/08/19 v1.1 Managing graphics extensions (HO)
)
Package grfext Info: Graphics extension search list:
(grfext)             [.png,.pdf,.jpg,.mps,.jpeg,.jbig2,.jb2,.PNG,.PDF,.JPG,.JPE
G,.JBIG2,.JB2,.eps]
(grfext)             \AppendGraphicsExtensions on input line 452.

(/usr/local/texlive/2011/texmf-dist/tex/latex/latexconfig/epstopdf-sys.cfg
File: epstopdf-sys.cfg 2010/07/13 v1.3 Configuration of (r)epstopdf for TeX Liv
e
))
\big@size=\dimen164
LaTeX Info: Redefining \microtypecontext on input line 85.
Package microtype Info: Generating PDF output.
Package microtype Info: Character protrusion enabled (level 2).
Package microtype Info: Using default protrusion set `alltext'.
Package microtype Info: Automatic font expansion enabled (level 2),
(microtype)             stretch: 20, shrink: 20, step: 1, non-selected.
Package microtype Info: Using default expansion set `basictext'.
Package microtype Info: No tracking.
Package microtype Info: No adjustment of interword spacing.
Package microtype Info: No adjustment of character kerning.

(/usr/local/texlive/2011/texmf-dist/tex/latex/microtype/mt-ppl.cfg
File: mt-ppl.cfg 2005/11/16 v1.6 microtype config. file: Palatino (RS)
)
*geometry* driver: auto-detecting
*geometry* detected driver: pdftex
*geometry* verbose mode - [ preamble ] result:
* driver: pdftex
* paper: <default>
* layout: <same size as paper>
* layoutoffset:(h,v)=(0.0pt,0.0pt)
* hratio: 1:1
* modes: 
* h-part:(L,W,R)=(92.14519pt, 430.00462pt, 92.14519pt)
* v-part:(T,H,B)=(73.97716pt, 625.59546pt, 95.39737pt)
* \paperwidth=614.295pt
* \paperheight=794.96999pt
* \textwidth=430.00462pt
* \textheight=625.59546pt
* \oddsidemargin=19.8752pt
* \evensidemargin=19.8752pt
* \topmargin=-35.29283pt
* \headheight=12.0pt
* \headsep=25.0pt
* \topskip=10.0pt
* \footskip=30.0pt
* \marginparwidth=65.0pt
* \marginparsep=11.0pt
* \columnsep=20.0pt
* \skip\footins=9.0pt plus 4.0pt minus 2.0pt
* \hoffset=0.0pt
* \voffset=0.0pt
* \mag=1000
* \@twocolumnfalse
* \@twosidefalse
* \@mparswitchfalse
* \@reversemarginfalse
* (1in=72.27pt=25.4mm, 1cm=28.453pt)

\AtBeginShipoutBox=\box58
Package hyperref Info: Link coloring OFF on input line 85.
(/usr/local/texlive/2011/texmf-dist/tex/latex/hyperref/nameref.sty
Package: nameref 2010/04/30 v2.40 Cross-referencing by name of section

(/usr/local/texlive/2011/texmf-dist/tex/generic/oberdiek/gettitlestring.sty
Package: gettitlestring 2010/12/03 v1.4 Cleanup title references (HO)
)
\c@section@level=\count126
)
LaTeX Info: Redefining \ref on input line 85.
LaTeX Info: Redefining \pageref on input line 85.
LaTeX Info: Redefining \nameref on input line 85.

(./paper.out) (./paper.out)
\@outlinefile=\write3
\openout3 = `paper.out'.

Package caption Info: Begin \AtBeginDocument code.
Package caption Info: float package is loaded.
Package caption Info: End \AtBeginDocument code.
LaTeX Font Info:    Font shape `T1/pplx/bx/n' in size <24> not available
(Font)              Font shape `T1/pplx/b/n' tried instead on input line 88.
LaTeX Font Info:    Try loading font information for OT1+pplx on input line 88.


(/usr/local/texlive/2011/texmf-dist/tex/latex/psnfss/ot1pplx.fd
File: ot1pplx.fd 2004/09/06 font definitions for OT1/pplx.
)
LaTeX Font Info:    Try loading font information for OML+zplm on input line 88.


(/usr/local/texlive/2011/texmf-dist/tex/latex/psnfss/omlzplm.fd
File: omlzplm.fd 2002/09/08 Fontinst v1.914 font definitions for OML/zplm.
)
LaTeX Font Info:    Try loading font information for OMS+zplm on input line 88.


(/usr/local/texlive/2011/texmf-dist/tex/latex/psnfss/omszplm.fd
File: omszplm.fd 2002/09/08 Fontinst v1.914 font definitions for OMS/zplm.
)
LaTeX Font Info:    Try loading font information for OMX+zplm on input line 88.


(/usr/local/texlive/2011/texmf-dist/tex/latex/psnfss/omxzplm.fd
File: omxzplm.fd 2002/09/08 Fontinst v1.914 font definitions for OMX/zplm.
)
LaTeX Font Info:    Try loading font information for OT1+zplm on input line 88.


(/usr/local/texlive/2011/texmf-dist/tex/latex/psnfss/ot1zplm.fd
File: ot1zplm.fd 2002/09/08 Fontinst v1.914 font definitions for OT1/zplm.
)
Package microtype Info: Character `029' is missing
(microtype)             in font `T1/pplx/m/sc/12'.
(microtype)             Ignoring protrusion settings for this character.
LaTeX Font Info:    Font shape `T1/pplx/bx/n' in size <10> not available
(Font)              Font shape `T1/pplx/b/n' tried instead on input line 101.

Underfull \hbox (badness 10000) in paragraph at lines 108--109

 []


Underfull \hbox (badness 10000) in paragraph at lines 110--111

 []


Underfull \hbox (badness 10000) in paragraph at lines 112--113

 []


Underfull \hbox (badness 10000) in paragraph at lines 114--115

 []


Underfull \hbox (badness 10000) in paragraph at lines 116--117
\T1/pplx/m/n/10 (+20) asymmetric-key en-cryp-tion is pre-ferred.
 []


Underfull \hbox (badness 10000) in paragraph at lines 116--117

 []

[1

{/usr/local/texlive/2011/texmf-var/fonts/map/pdftex/updmap/pdftex.map}]
Underfull \hbox (badness 10000) in paragraph at lines 118--119

 []


Underfull \hbox (badness 10000) in paragraph at lines 120--121

 []

LaTeX Font Info:    Font shape `T1/pplx/bx/n' in size <12> not available
(Font)              Font shape `T1/pplx/b/n' tried instead on input line 124.

Underfull \hbox (badness 10000) in paragraph at lines 126--127

 []


Underfull \hbox (badness 10000) in paragraph at lines 128--129

 []

<ios_arch.png, id=91, 734.745pt x 405.515pt>
File: ios_arch.png Graphic file (type png)
 <use ios_arch.png>
Package pdftex.def Info: ios_arch.png used on input line 132.
(pdftex.def)             Requested size: 215.0023pt x 118.6606pt.

Overfull \hbox (10.0pt too wide) in paragraph at lines 132--133
 [][] 
 []

LaTeX Font Info:    Font shape `T1/pplx/bx/n' in size <9> not available
(Font)              Font shape `T1/pplx/b/n' tried instead on input line 133.

Underfull \hbox (badness 10000) in paragraph at lines 136--137

 []


Underfull \hbox (badness 10000) in paragraph at lines 138--139

 []

[2 <./ios_arch.png>]
Underfull \hbox (badness 10000) in paragraph at lines 140--141

 []

<arduino.jpg, id=111, 1245.65375pt x 1031.855pt>
File: arduino.jpg Graphic file (type jpg)
 <use arduino.jpg>
Package pdftex.def Info: arduino.jpg used on input line 144.
(pdftex.def)             Requested size: 215.0023pt x 178.08965pt.

Overfull \hbox (10.0pt too wide) in paragraph at lines 144--145
 [][] 
 []


Underfull \hbox (badness 10000) in paragraph at lines 149--150

 []


Underfull \hbox (badness 10000) in paragraph at lines 151--152

 []


Underfull \hbox (badness 10000) in paragraph at lines 153--154

 []


Underfull \hbox (badness 10000) in paragraph at lines 155--156

 []


Underfull \hbox (badness 10000) in paragraph at lines 158--159

 []

<raspberrypi.png, id=115, 726.46407pt x 493.845pt>
File: raspberrypi.png Graphic file (type png)
 <use raspberrypi.png>
Package pdftex.def Info: raspberrypi.png used on input line 162.
(pdftex.def)             Requested size: 215.0023pt x 146.15773pt.

Overfull \hbox (10.0pt too wide) in paragraph at lines 162--163
 [][] 
 []

[3 <./arduino.jpg>]
Underfull \hbox (badness 10000) in paragraph at lines 166--167

 []


Underfull \hbox (badness 10000) in paragraph at lines 169--170

 []


Underfull \hbox (badness 10000) in paragraph at lines 171--172

 []


Underfull \hbox (badness 10000) in paragraph at lines 174--175

 []


Underfull \hbox (badness 10000) in paragraph at lines 176--177

 []

<ios.png, id=129, 308.15125pt x 583.17876pt>
File: ios.png Graphic file (type png)
 <use ios.png>
Package pdftex.def Info: ios.png used on input line 180.
(pdftex.def)             Requested size: 114.5596pt x 216.81pt.

Underfull \hbox (badness 10000) in paragraph at lines 188--189

 []

[4 <./raspberrypi.png> <./ios.png>]
Underfull \hbox (badness 10000) in paragraph at lines 190--191

 []


Underfull \hbox (badness 10000) in paragraph at lines 192--193

 []


Underfull \hbox (badness 10000) in paragraph at lines 194--195

 []


Underfull \hbox (badness 10000) in paragraph at lines 196--197

 []

<stack.png, id=141, 466.74374pt x 475.7775pt>
File: stack.png Graphic file (type png)
 <use stack.png>
Package pdftex.def Info: stack.png used on input line 201.
(pdftex.def)             Requested size: 215.0023pt x 219.1652pt.

Overfull \hbox (10.0pt too wide) in paragraph at lines 201--202
 [][] 
 []


Underfull \hbox (badness 10000) in paragraph at lines 205--206

 []


Underfull \hbox (badness 10000) in paragraph at lines 207--208

 []

[5 <./stack.png>]
Underfull \hbox (badness 10000) in paragraph at lines 209--210

 []


Underfull \hbox (badness 10000) in paragraph at lines 211--212

 []


Underfull \hbox (badness 10000) in paragraph at lines 215--216

 []

<circuit.png, id=151, 685.8122pt x 383.18156pt>
File: circuit.png Graphic file (type png)
 <use circuit.png>
Package pdftex.def Info: circuit.png used on input line 220.
(pdftex.def)             Requested size: 452.72118pt x 252.94499pt.

Overfull \hbox (22.71655pt too wide) in paragraph at lines 220--221
 [][] 
 []


Underfull \hbox (badness 10000) in paragraph at lines 224--225

 []


Underfull \hbox (badness 10000) in paragraph at lines 226--227

 []


Underfull \hbox (badness 10000) in paragraph at lines 233--234

 []

[6]
Underfull \hbox (badness 10000) in paragraph at lines 235--236

 []


Underfull \hbox (badness 10000) in paragraph at lines 237--238

 []


Underfull \hbox (badness 10000) in paragraph at lines 243--244

 []


Underfull \hbox (badness 10000) in paragraph at lines 245--246

 []

[7 <./circuit.png>]
Underfull \hbox (badness 10000) in paragraph at lines 247--248

 []


Underfull \hbox (badness 10000) in paragraph at lines 249--250

 []


LaTeX Warning: Citation `airbnb' on page 8 undefined on input line 251.


Underfull \hbox (badness 10000) in paragraph at lines 251--252

 []

LaTeX Font Info:    Try loading font information for T1+cmtt on input line 269.

(/usr/local/texlive/2011/texmf-dist/tex/latex/base/t1cmtt.fd
File: t1cmtt.fd 1999/05/25 v2.5h Standard LaTeX font definitions
)
Underfull \hbox (badness 10000) in paragraph at lines 269--270
[]\T1/pplx/m/n/10 (+20) "AFNetworking." Github. []$\T1/cmtt/m/n/10 https :
 []


Underfull \hbox (badness 10000) in paragraph at lines 269--270
\T1/cmtt/m/n/10 / / github . com / AFNetworking /
 []


Underfull \hbox (badness 10000) in paragraph at lines 272--273
\T1/cmtt/m/n/10 url ? q = http % 3A % 2F % 2Fcsrc . nist . gov %
 []


Underfull \hbox (badness 10000) in paragraph at lines 272--273
\T1/cmtt/m/n/10 2Fpublications % 2Ffips % 2Ffips197 %
 []


Underfull \hbox (badness 10000) in paragraph at lines 272--273
\T1/cmtt/m/n/10 2Ffips-[]197 . pdf&sa = D&sntz = 1&usg =
 []


Underfull \hbox (badness 10000) in paragraph at lines 272--273
\T1/cmtt/m/n/10 AFQjCNHW4yah4ynS8KuVEfHO77pwcvrxLQ$[]
 []


Underfull \hbox (badness 10000) in paragraph at lines 275--276
\T1/pplx/m/n/10 (+20) duino. []$\T1/cmtt/m/n/10 http : / / arduino . cc / en / 
Main /
 []


Underfull \hbox (badness 10000) in paragraph at lines 278--279
[]$\T1/cmtt/m/n/10 arduino . cc / en / uploads / Main / Arduino _
 []


Underfull \hbox (badness 10000) in paragraph at lines 281--282
[]\T1/pplx/m/n/10 (+20) "BreakfastSerial." Github. []$\T1/cmtt/m/n/10 https :
 []


Underfull \hbox (badness 10000) in paragraph at lines 281--282
\T1/cmtt/m/n/10 / / github . com / theycallmeswift /
 []


Underfull \hbox (badness 7486) in paragraph at lines 281--282
\T1/cmtt/m/n/10 BreakfastSerial$[] \T1/pplx/m/n/10 (+20) (ac-cessed May 13,
 []


Underfull \hbox (badness 10000) in paragraph at lines 284--285
[]\T1/pplx/m/n/10 (+20) "BreakfastSerial Is-sues." Github.
 []


Underfull \hbox (badness 10000) in paragraph at lines 284--285
[]$\T1/cmtt/m/n/10 https : / / github . com / theycallmeswift /
 []


Underfull \hbox (badness 10000) in paragraph at lines 284--285
\T1/cmtt/m/n/10 BreakfastSerial / issues / 3$[] \T1/pplx/m/n/10 (+20) (ac-cesse
d
 []


Underfull \hbox (badness 10000) in paragraph at lines 287--288
[]\T1/pplx/m/n/10 (+20) "Cocoa Touch." Ap-ple De-vel-oper.
 []


Underfull \hbox (badness 10000) in paragraph at lines 287--288
[]$\T1/cmtt/m/n/10 https : / / developer . apple . com /
 []


Underfull \hbox (badness 10000) in paragraph at lines 287--288
\T1/cmtt/m/n/10 technologies / ios / cocoa-[]touch . html$[]
 []

[8]
Underfull \hbox (badness 6675) in paragraph at lines 290--291
\T1/pplx/m/n/10 (+20) ver-i-fi-ca-tion se-cu-rity op-tion to lock
 []


Underfull \hbox (badness 10000) in paragraph at lines 290--291
\T1/cmtt/m/n/10 www . theverge . com / 2012 / 8 / 26 / 3269423 /
 []


Overfull \hbox (44.85258pt too wide) in paragraph at lines 290--291
\T1/cmtt/m/n/10 dropbox-[]two-[]step-[]verification-[]security-[]beta$[]
 []


Underfull \hbox (badness 10000) in paragraph at lines 293--294
\T1/cmtt/m/n/10 / / books . google . com / books ? id = Nnvhz _
 []


Underfull \hbox (badness 10000) in paragraph at lines 293--294
\T1/cmtt/m/n/10 VqAS4C&pg = PA11 # v = onepage&q&f = false$[]
 []


Underfull \hbox (badness 10000) in paragraph at lines 296--297
[]$\T1/cmtt/m/n/10 https : / / github . com / firmata / arduino$[]
 []


Underfull \hbox (badness 10000) in paragraph at lines 302--303
[]\T1/pplx/m/n/10 (+20) Honan, Mat. "Twit-ter Now Has
 []


Underfull \hbox (badness 10000) in paragraph at lines 302--303
\T1/pplx/m/n/10 (+20) a Two-Step So-lu-tion | Threat
 []


Underfull \hbox (badness 10000) in paragraph at lines 302--303
\T1/pplx/m/n/10 (+20) Level | Wired.com." wired.com .
 []


Underfull \hbox (badness 10000) in paragraph at lines 302--303
[]$\T1/cmtt/m/n/10 http : / / www . wired . com / threatlevel /
 []


Underfull \hbox (badness 10000) in paragraph at lines 302--303
\T1/cmtt/m/n/10 2013 / 04 / twitter-[]authentication/$[]
 []


Underfull \hbox (badness 6364) in paragraph at lines 305--306
[]\T1/pplx/m/n/10 (+20) "Jason Nieh." De-part-ment of Com-
 []


Underfull \hbox (badness 6493) in paragraph at lines 305--306
\T1/pplx/m/n/10 (+20) puter Sci-ence, Columbia Uni-ver-sity
 []


Underfull \hbox (badness 10000) in paragraph at lines 308--309
[]\T1/pplx/m/n/10 (+20) "Lockitron." Lock-itron. []$\T1/cmtt/m/n/10 https :
 []


Underfull \hbox (badness 10000) in paragraph at lines 308--309
\T1/cmtt/m/n/10 / / lockitron . com/$[] \T1/pplx/m/n/10 (+20) (ac-cessed May
 []


Underfull \hbox (badness 5288) in paragraph at lines 314--315
[]\T1/pplx/m/n/10 (+20) "Patent US1838581 - SAFE STRUC-
 []


Underfull \hbox (badness 10000) in paragraph at lines 314--315
\T1/cmtt/m/n/10 / / www . google . com / patents / US1838581$[]
 []


Underfull \hbox (badness 10000) in paragraph at lines 317--318
\T1/cmtt/m/n/10 / / httpd . apache . org / docs / 2 . 2 / ssl /
 []


Underfull \hbox (badness 10000) in paragraph at lines 317--318
\T1/cmtt/m/n/10 ssl _ intro . html # cryptographictech$[]
 []


Underfull \hbox (badness 10000) in paragraph at lines 323--324
[]\T1/pplx/m/n/10 (+20) "SwiftAlphaOne's Twit-ter Ac-count."
 []


Underfull \hbox (badness 10000) in paragraph at lines 323--324
\T1/pplx/m/n/10 (+20) Twit-ter. []$\T1/cmtt/m/n/10 https : / / twitter . com /
 []


Underfull \hbox (badness 10000) in paragraph at lines 323--324
\T1/cmtt/m/n/10 swiftalphaone$[] \T1/pplx/m/n/10 (+20) (ac-cessed May 13,
 []


Underfull \hbox (badness 6032) in paragraph at lines 326--327
[]\T1/pplx/m/n/10 (+20) analogPin;, te. "Ar-duino - Fir-mata
 []


Underfull \hbox (badness 10000) in paragraph at lines 326--327
\T1/pplx/m/n/10 (+20) ." Ar-duino. []$\T1/cmtt/m/n/10 http : / / arduino . cc /
 en /
 []


Underfull \hbox (badness 10000) in paragraph at lines 332--333
\T1/cmtt/m/n/10 ios / #documentation / Miscellaneous /
 []


Underfull \hbox (badness 10000) in paragraph at lines 332--333
\T1/cmtt/m/n/10 Conceptual / iPhoneOSTechOverview /
 []


Underfull \hbox (badness 10000) in paragraph at lines 332--333
\T1/cmtt/m/n/10 Introduction / Introduction . html$[]
 []


Underfull \hbox (badness 10000) in paragraph at lines 335--336
[]\T1/pplx/m/n/10 (+20) "iOS Tech-nol-ogy Overview: Core
 []


Underfull \hbox (badness 10000) in paragraph at lines 335--336
\T1/pplx/m/n/10 (+20) Ser-vices Layer." Ap-ple De-vel-oper.
 []


Underfull \hbox (badness 10000) in paragraph at lines 335--336
[]$\T1/cmtt/m/n/10 developer . apple . com / library / ios /
 []


Underfull \hbox (badness 10000) in paragraph at lines 335--336
\T1/cmtt/m/n/10 #documentation / miscellaneous /
 []


Underfull \hbox (badness 10000) in paragraph at lines 335--336
\T1/cmtt/m/n/10 conceptual / iphoneostechoverview /
 []


Underfull \hbox (badness 10000) in paragraph at lines 335--336
\T1/cmtt/m/n/10 CoreServicesLayer /
 []


Underfull \hbox (badness 10000) in paragraph at lines 335--336
\T1/cmtt/m/n/10 CoreServicesLayer . html$[] \T1/pplx/m/n/10 (+20) (ac-cessed
 []


Underfull \hbox (badness 10000) in paragraph at lines 338--339
[]\T1/pplx/m/n/10 (+20) "iOS Tech-nol-ogy Overview:
 []


Underfull \hbox (badness 10000) in paragraph at lines 338--339
\T1/pplx/m/n/10 (+20) CoreOS Layer." Ap-ple De-vel-oper.
 []


Underfull \hbox (badness 10000) in paragraph at lines 338--339
[]$\T1/cmtt/m/n/10 developer . apple . com / library / ios /
 []


Underfull \hbox (badness 10000) in paragraph at lines 338--339
\T1/cmtt/m/n/10 #documentation / miscellaneous /
 []


Underfull \hbox (badness 10000) in paragraph at lines 338--339
\T1/cmtt/m/n/10 conceptual / iphoneostechoverview /
 []


Underfull \hbox (badness 10000) in paragraph at lines 338--339
\T1/cmtt/m/n/10 coreoslayer / coreoslayer . html$[] \T1/pplx/m/n/10 (+20) (ac-
 []


Underfull \hbox (badness 10000) in paragraph at lines 341--342
[]\T1/pplx/m/n/10 (+20) "iOS Tech-nol-ogy Overview: Me-
 []


Underfull \hbox (badness 10000) in paragraph at lines 341--342
\T1/pplx/m/n/10 (+20) dia Layer." Ap-ple De-vel-oper.
 []


Underfull \hbox (badness 10000) in paragraph at lines 341--342
[]$\T1/cmtt/m/n/10 developer . apple . com / library / ios /
 []


Underfull \hbox (badness 10000) in paragraph at lines 341--342
\T1/cmtt/m/n/10 #documentation / miscellaneous /
 []


Underfull \hbox (badness 10000) in paragraph at lines 341--342
\T1/cmtt/m/n/10 conceptual / iphoneostechoverview /
 []

[9]
Underfull \hbox (badness 6775) in paragraph at lines 344--345
\T1/pplx/m/n/10 (+20) You Are." Cod-ing Hor-ror. []$\T1/cmtt/m/n/10 http : / /
 []


Underfull \hbox (badness 10000) in paragraph at lines 344--345
\T1/cmtt/m/n/10 www . codinghorror . com / blog / 2007 / 02 /
 []


Overfull \hbox (31.91861pt too wide) in paragraph at lines 344--345
\T1/cmtt/m/n/10 what-[]you-[]have-[]what-[]you-[]know-[]what-[]you-[]are .
 []

Package atveryend Info: Empty hook `BeforeClearDocument' on input line 354.
[10]
Package atveryend Info: Empty hook `AfterLastShipout' on input line 354.
 (./paper.aux)
Package atveryend Info: Executing hook `AtVeryEndDocument' on input line 354.
Package atveryend Info: Executing hook `AtEndAfterFileList' on input line 354.
Package rerunfilecheck Info: File `paper.out' has not changed.
(rerunfilecheck)             Checksum: B274DC317930902EBFF4868EA4634423;887.


LaTeX Warning: There were undefined references.


LaTeX Warning: Label(s) may have changed. Rerun to get cross-references right.

Package atveryend Info: Empty hook `AtVeryVeryEnd' on input line 354.
 ) 
Here is how much of TeX's memory you used:
 9536 strings out of 493633
 145524 string characters out of 3143378
 363108 words of memory out of 3000000
 12403 multiletter control sequences out of 15000+200000
 56269 words of font info for 237 fonts, out of 3000000 for 9000
 831 hyphenation exceptions out of 8191
 36i,7n,38p,1134b,639s stack positions out of 5000i,500n,10000p,200000b,50000s
{/usr/local/texlive/2011/texmf-dist/fonts/enc/dvips/cm-super/cm-super-t1.enc}
{/usr/local/texlive/2011/texmf-dist/fonts/enc/dvips/base/8r.enc}</usr/local/tex
live/2011/texmf-dist/fonts/type1/public/mathpazo/fplmr.pfb></usr/local/texlive/
2011/texmf-dist/fonts/type1/public/fpl/fplrc8a.pfb></usr/local/texlive/2011/tex
mf-dist/fonts/type1/public/cm-super/sftt1000.pfb></usr/local/texlive/2011/texmf
-dist/fonts/type1/urw/palatino/uplb8a.pfb></usr/local/texlive/2011/texmf-dist/f
onts/type1/urw/palatino/uplr8a.pfb></usr/local/texlive/2011/texmf-dist/fonts/ty
pe1/urw/palatino/uplri8a.pfb>
Output written on paper.pdf (10 pages, 1911295 bytes).
PDF statistics:
 299 PDF objects out of 1000 (max. 8388607)
 269 compressed objects within 3 object streams
 60 named destinations out of 1000 (max. 500000)
 39071 words of extra memory for PDF output out of 42996 (max. 10000000)

